Step: build-step-credential-initializer:

{"level":"warn","ts":1551972688.3644571,"logger":"fallback-logger","caller":"logging/config.go:65","msg":"Fetch GitHub commit ID from kodata failed: \"ref: refs/heads/test\" is not a valid GitHub commit ID"}
{"level":"info","ts":1551972688.3654337,"logger":"fallback-logger","caller":"creds-init/main.go:40","msg":"Credentials initialized."}
Step: build-step-git-source-0:

{"level":"warn","ts":1551972689.4637697,"logger":"fallback-logger","caller":"logging/config.go:65","msg":"Fetch GitHub commit ID from kodata failed: \"ref: refs/heads/test\" is not a valid GitHub commit ID"}
{"level":"info","ts":1551972690.9057603,"logger":"fallback-logger","caller":"git-init/main.go:92","msg":"Successfully cloned \"https://github.com/Woap/croc-hunter-jenkinsx-serverless.git\" @ \"44cf2041d687c85a4fc57dec7473d0db2490d9cd\" in path \"/workspace\""}
Step: build-step-jenkins:

Picked up _JAVA_OPTIONS: -Xmx400m
Started
Running in Durability level: PERFORMANCE_OPTIMIZED
  16.495 [id=36]	WARNING	i.f.k.c.i.VersionUsageUtils#alert: The client is using resource type 'customresourcedefinitions' with unstable version 'v1beta1'
[Pipeline] node
Running on Jenkins in /tmp/jenkinsTests.tmp/jenkins4094373587805271205test/workspace/job
[Pipeline] {
[Pipeline] stage
[Pipeline] { (Declarative: Checkout SCM)
[Pipeline] checkout
[Pipeline] }
[Pipeline] // stage
[Pipeline] withCredentials
[Pipeline] {
[Pipeline] withEnv
[Pipeline] {
[Pipeline] stage
[Pipeline] { (CI Build and push snapshot)
[Pipeline] withEnv
[Pipeline] {
[Pipeline] dir
Running in /home/jenkins/go/src/github.com/carlossg/croc-hunter-jenkinsx-serverless
[Pipeline] {
[Pipeline] checkout
[Pipeline] sh
+ make VERSION=0.0.0-SNAPSHOT-PR-4-1 GIT_COMMIT=44cf2041d687c85a4fc57dec7473d0db2490d9cd linux
cp skaffold.yaml skaffold.yaml.new
sed -i -e "s/{{.VERSION}}/0.0.0-SNAPSHOT-PR-4-1/" skaffold.yaml.new
sed -i -e "s/{{.GIT_COMMIT}}/44cf2041d687c85a4fc57dec7473d0db2490d9cd/" skaffold.yaml.new
CGO_ENABLED=0 GOOS=linux GOARCH=amd64 GO15VENDOREXPERIMENT=1 go build -ldflags '' -o bin/croc-hunter-jenkinsx croc-hunter.go
[Pipeline] sh
+ export VERSION=0.0.0-SNAPSHOT-PR-4-1
+ skaffold build -f skaffold.yaml.new
time="2019-03-07T15:32:05Z" level=warning msg="config version (skaffold/v1beta1) out of date: upgrading to latest (skaffold/v1beta3)"
Starting build...
Building [changeme]...
Sending build context to Docker daemon  525.8kBSending build context to Docker daemon   6.99MB
Step 1/10 : FROM scratch
 ---> 
Step 2/10 : ARG GIT_SHA
 ---> Using cache
 ---> 4dcdeb8153f0
Step 3/10 : ARG WORKFLOW_RELEASE
 ---> Using cache
 ---> eff201aac8f3
Step 4/10 : ENV GIT_SHA $GIT_SHA
 ---> Running in 033069a8db48
 ---> c9cd95138785
Step 5/10 : ENV WORKFLOW_RELEASE $WORKFLOW_RELEASE
 ---> Running in 4ecf25436849
 ---> b068967ed35f
Step 6/10 : ENV POWERED_BY Jenkins-X
 ---> Running in 379b2a2d8010
 ---> 1ab2150b08c0
Step 7/10 : EXPOSE 8080
 ---> Running in 88751a179a04
 ---> 2ca2e16cefb7
Step 8/10 : ENTRYPOINT /croc-hunter-jenkinsx
 ---> Running in 9a413c74e2ac
 ---> 20390e11d6f3
Step 9/10 : COPY ./bin/ /
 ---> a78d29813300
Step 10/10 : COPY static/ static/
 ---> 5274dc6a6247
Successfully built 5274dc6a6247
The push refers to a repository [10.19.242.223:5000/carlossg/croc-hunter-jenkinsx]
4165e137740e: Preparing
bef2a37740f2: Preparing
4165e137740e: Pushed
bef2a37740f2: Pushed
0.0.0-SNAPSHOT-PR-4-1: digest: sha256:605382bebb9d673542aa263c1db35b8cb23f2249ad2a7ad8f6659d38c982b153 size: 738
Build complete in 2.158683414s
Starting test...
Test complete in 7.246Âµs
changeme -> 10.19.242.223:5000/carlossg/croc-hunter-jenkinsx:0.0.0-SNAPSHOT-PR-4-1
[Pipeline] sh
+ jx step validate --min-jx-version 1.2.36
[Pipeline] sh
+ jx step post build --image 10.19.242.223:5000/carlossg/croc-hunter-jenkinsx:0.0.0-SNAPSHOT-PR-4-1
[Pipeline] }
[Pipeline] // dir
[Pipeline] dir
Running in /home/jenkins/go/src/github.com/carlossg/croc-hunter-jenkinsx-serverless/charts/preview
[Pipeline] {
[Pipeline] sh
+ make preview
sed -i -e "s/version:.*/version: 0.0.0-SNAPSHOT-PR-4-1/" Chart.yaml
sed -i -e "s/version:.*/version: 0.0.0-SNAPSHOT-PR-4-1/" ../*/Chart.yaml
sed -i -e "s|repository: .*|repository: 10.19.242.223:5000\/carlossg\/golang-http|" values.yaml
sed -i -e "s/tag: .*/tag: 0.0.0-SNAPSHOT-PR-4-1/" values.yaml
echo "  version: 0.0.0-SNAPSHOT-PR-4-1" >> requirements.yaml
jx step helm build
No $CHART_REPOSITORY defined so using the default value of: http://jenkins-x-chartmuseum:8080
Adding missing Helm repo: jenkins-x http://chartmuseum.jenkins-x.io
Successfully added Helm repository jenkins-x.
Adding missing Helm repo: releases http://jenkins-x-chartmuseum:8080
Successfully added Helm repository releases.
Adding missing Helm repo: repo5 https://chartmuseum.build.cd.jenkins-x.io
error: failed to add chart repositories: failed to add Helm repository 'https://chartmuseum.build.cd.jenkins-x.io': failed to add the repository 'repo5' with URL 'https://chartmuseum.build.cd.jenkins-x.io': failed to run 'helm repo add repo5 https://chartmuseum.build.cd.jenkins-x.io' command in directory '.', output: 'Error: Looks like "https://chartmuseum.build.cd.jenkins-x.io" is not a valid chart repository or cannot be reached: Failed to fetch https://chartmuseum.build.cd.jenkins-x.io/index.yaml : 504 Gateway Timeout'
Makefile:9: recipe for target 'preview' failed
make: *** [preview] Error 1
[Pipeline] }
[Pipeline] // dir
[Pipeline] }
[Pipeline] // withEnv
[Pipeline] }
[Pipeline] // stage
[Pipeline] stage
[Pipeline] { (Build Release)
Stage "Build Release" skipped due to earlier failure(s)
[Pipeline] }
[Pipeline] // stage
[Pipeline] stage
[Pipeline] { (Promote to Environments)
Stage "Promote to Environments" skipped due to earlier failure(s)
[Pipeline] }
[Pipeline] // stage
[Pipeline] }
[Pipeline] // withEnv
[Pipeline] }
[Pipeline] // withCredentials
[Pipeline] }
[Pipeline] // node
[Pipeline] End of Pipeline
ERROR: script returned exit code 2
Finished: FAILURE
